2024-06-09 15:39:09.580 [info] Extension host with pid 4072 started
2024-06-09 15:39:09.784 [info] ExtensionService#_doActivateExtension vscode.emmet, startup: false, activationEvent: 'onLanguage'
2024-06-09 15:39:09.809 [info] ExtensionService#_doActivateExtension vscode.git-base, startup: true, activationEvent: '*', root cause: vscode.git
2024-06-09 15:39:09.875 [info] ExtensionService#_doActivateExtension vscode.git, startup: true, activationEvent: '*'
2024-06-09 15:39:10.204 [info] ExtensionService#_doActivateExtension vscode.github, startup: true, activationEvent: '*'
2024-06-09 15:39:10.555 [info] Eager extensions activated
2024-06-09 15:39:10.557 [info] ExtensionService#_doActivateExtension vscode.github-authentication, startup: false, activationEvent: 'onAuthenticationRequest:github'
2024-06-09 15:39:10.762 [info] ExtensionService#_doActivateExtension vscode.debug-auto-launch, startup: false, activationEvent: 'onStartupFinished'
2024-06-09 15:39:10.766 [info] ExtensionService#_doActivateExtension vscode.merge-conflict, startup: false, activationEvent: 'onStartupFinished'
2024-06-09 15:39:11.131 [info] ExtensionService#_doActivateExtension vscode.microsoft-authentication, startup: false, activationEvent: 'onAuthenticationRequest:microsoft'
2024-06-09 15:39:38.119 [info] Extension host terminating: renderer closed the MessagePort
2024-06-09 15:39:38.135 [info] Extension host with pid 4072 exiting with code 0
2024-06-09 15:39:40.530 [info] Extension host with pid 4096 started
2024-06-09 15:39:40.533 [info] Skipping acquiring lock for /Users/nay/Documents/Project Dolphinsquad/nextjs-dashboard/~/.vscode-root/User/workspaceStorage/ab4029db81ce36ef61144af3876a49e3.
2024-06-09 15:39:40.838 [info] ExtensionService#_doActivateExtension vscode.emmet, startup: false, activationEvent: 'onLanguage'
2024-06-09 15:39:40.848 [info] ExtensionService#_doActivateExtension vscode.git-base, startup: true, activationEvent: '*'
2024-06-09 15:39:40.925 [info] ExtensionService#_doActivateExtension vscode.github, startup: true, activationEvent: '*'
2024-06-09 15:39:40.959 [info] Eager extensions activated
2024-06-09 15:39:40.972 [info] ExtensionService#_doActivateExtension vscode.debug-auto-launch, startup: false, activationEvent: 'onStartupFinished'
2024-06-09 15:39:40.987 [info] ExtensionService#_doActivateExtension vscode.merge-conflict, startup: false, activationEvent: 'onStartupFinished'
2024-06-09 15:39:41.206 [info] ExtensionService#_doActivateExtension vscode.github-authentication, startup: false, activationEvent: 'onAuthenticationRequest:github'
2024-06-09 15:39:41.314 [info] ExtensionService#_doActivateExtension vscode.microsoft-authentication, startup: false, activationEvent: 'onAuthenticationRequest:microsoft'
2024-06-09 15:40:13.577 [info] ExtensionService#_doActivateExtension vscode.typescript-language-features, startup: false, activationEvent: 'onLanguage:typescriptreact'
2024-06-09 15:46:42.791 [info] ExtensionService#_doActivateExtension vscode.css-language-features, startup: false, activationEvent: 'onLanguage:css'
