2024-06-09 15:39:07.885 [info] Added views:workbench.panel.markers.view in workbench.panel.markers
2024-06-09 15:39:07.885 [info] Added views:workbench.panel.output in workbench.panel.output
2024-06-09 15:39:07.885 [info] Added views:terminal in terminal
2024-06-09 15:39:07.885 [info] Added views:outline in workbench.view.explorer
2024-06-09 15:39:07.885 [info] Added views:workbench.scm in workbench.view.scm
2024-06-09 15:39:07.885 [info] Added views:workbench.view.search in workbench.view.search
2024-06-09 15:39:07.885 [info] Added views:timeline in workbench.view.explorer
2024-06-09 15:39:07.885 [info] Added views:workbench.explorer.emptyView in workbench.view.explorer
2024-06-09 15:39:09.559 [info] Added views:workbench.debug.variablesView,workbench.debug.watchExpressionsView,workbench.debug.callStackView,workbench.debug.breakPointsView in workbench.view.debug
2024-06-09 15:39:09.783 [info] Added views:workbench.panel.repl.view in workbench.panel.repl
2024-06-09 15:39:09.786 [info] Removed views:workbench.debug.breakPointsView,workbench.debug.callStackView,workbench.debug.watchExpressionsView,workbench.debug.variablesView from workbench.view.debug
2024-06-09 15:39:09.786 [info] Added views:workbench.debug.welcome in workbench.view.debug
2024-06-09 15:39:39.184 [info] Added views:workbench.panel.markers.view in workbench.panel.markers
2024-06-09 15:39:39.184 [info] Added views:workbench.panel.output in workbench.panel.output
2024-06-09 15:39:39.184 [info] Added views:terminal in terminal
2024-06-09 15:39:39.184 [info] Added views:outline in workbench.view.explorer
2024-06-09 15:39:39.184 [info] Added views:workbench.scm in workbench.view.scm
2024-06-09 15:39:39.184 [info] Added views:workbench.view.search in workbench.view.search
2024-06-09 15:39:39.184 [info] Added views:timeline in workbench.view.explorer
2024-06-09 15:39:39.184 [info] Added views:workbench.explorer.fileView in workbench.view.explorer
2024-06-09 15:39:40.273 [info] Added views:workbench.debug.variablesView,workbench.debug.watchExpressionsView,workbench.debug.callStackView,workbench.debug.breakPointsView in workbench.view.debug
2024-06-09 15:39:40.845 [info] Added views:workbench.panel.repl.view in workbench.panel.repl
2024-06-09 15:39:40.851 [info] Removed views:workbench.debug.breakPointsView,workbench.debug.callStackView,workbench.debug.watchExpressionsView,workbench.debug.variablesView from workbench.view.debug
2024-06-09 15:39:40.855 [info] Added views:workbench.debug.welcome in workbench.view.debug
